
> myapp@0.0.0 test
> ng test --watch=false --browsers=ChromeHeadless

[baseline-browser-mapping] The data in this module is over two months old.  To ensure accurate Baseline data, please update: `npm i baseline-browser-mapping@latest -D`
â¯ Building...
âœ” Building...
Initial chunk files                                        | Names                                                   |  Raw size
chunk-V4JWS7PK.js                                          | -                                                       |   1.75 MB | 
chunk-337OYKFC.js                                          | -                                                       |   1.22 MB | 
chunk-3LCRQLST.js                                          | -                                                       |   1.16 MB | 
chunk-QNNQME2Z.js                                          | -                                                       |   1.13 MB | 
polyfills.js                                               | polyfills                                               |   1.03 MB | 
spec-app-app.spec.js                                       | spec-app-app.spec                                       | 281.48 kB | 
spec-app-bear-event-bear-event.spec.js                     | spec-app-bear-event-bear-event.spec                     | 251.12 kB | 
chunk-X7RIPTFU.js                                          | -                                                       | 197.80 kB | 
jasmine-cleanup-1.js                                       | jasmine-cleanup-1                                       |  67.20 kB | 
chunk-Q4T6XEEY.js                                          | -                                                       |  43.57 kB | 
spec-app-bear-optimizer-bear-optimizer.spec.js             | spec-app-bear-optimizer-bear-optimizer.spec             |  23.71 kB | 
test_main.js                                               | test_main                                               |  21.89 kB | 
spec-app-vikings-event-vikings.service.spec.js             | spec-app-vikings-event-vikings.service.spec             |  14.68 kB | 
spec-app-vikings-event-algorithms-greedy.algorithm.spec.js | spec-app-vikings-event-algorithms-greedy.algorithm.spec |  10.62 kB | 
spec-app-vikings-event-algorithms-smart.algorithm.spec.js  | spec-app-vikings-event-algorithms-smart.algorithm.spec  |   9.01 kB | 
chunk-V75LUHRL.js                                          | -                                                       |   8.61 kB | 
chunk-EPL4BYJO.js                                          | -                                                       |   8.36 kB | 
spec-app-svs-prep-event-svs-prep.service.spec.js           | spec-app-svs-prep-event-svs-prep.service.spec           |   7.44 kB | 
spec-app-svs-prep-event-svs-time-utils.spec.js             | spec-app-svs-prep-event-svs-time-utils.spec             |   6.12 kB | 
spec-app-mystic-trial-event-mystic-trial-event.spec.js     | spec-app-mystic-trial-event-mystic-trial-event.spec     |   4.77 kB | 
chunk-GMEUZ63J.js                                          | -                                                       |   3.14 kB | 
spec-app-vikings-event-simulate_vikings.spec.js            | spec-app-vikings-event-simulate_vikings.spec            |   2.48 kB | 
styles.css                                                 | styles                                                  |   2.19 kB | 
spec-app-vikings-event-vikings-assignment-logic.spec.js    | spec-app-vikings-event-vikings-assignment-logic.spec    |   1.35 kB | 
chunk-YXU5VH76.js                                          | -                                                       |   1.06 kB | 
spec-app-vikings-event-algorithms-empty.algorithm.spec.js  | spec-app-vikings-event-algorithms-empty.algorithm.spec  | 974 bytes | 
chunk-4LGY7YVZ.js                                          | -                                                       | 761 bytes | 
chunk-BCYH7GGR.js                                          | -                                                       | 640 bytes | 
chunk-URSJXYT6.js                                          | -                                                       | 620 bytes | 
spec-app-optimization-scs.spec.js                          | spec-app-optimization-scs.spec                          | 525 bytes | 
jasmine-cleanup-0.js                                       | jasmine-cleanup-0                                       | 519 bytes | 
chunk-UMW2PRYQ.js                                          | -                                                       | 427 bytes | 

                                                           | Initial total                                           |   7.25 MB

Lazy chunk files                                           | Names                                                   |  Raw size
chunk-RRZ3CKZO.js                                          | angular-fire-firestore                                  |   5.79 kB | 

Application bundle generation complete. [2.536 seconds] - 2026-01-26T11:23:05.681Z

[32m26 01 2026 12:23:05.772:INFO [karma-server]: [39mKarma v6.4.4 server started at http://localhost:9876/
[32m26 01 2026 12:23:05.773:INFO [launcher]: [39mLaunching browsers ChromeHeadless with concurrency unlimited
[32m26 01 2026 12:23:05.776:INFO [launcher]: [39mStarting browser ChromeHeadless
[32m26 01 2026 12:23:06.065:INFO [Chrome Headless 143.0.0.0 (Linux 0.0.0)]: [39mConnected on socket _rAWeYIXPSPQYkjxAAAB with id 58628064
Chrome Headless 143.0.0.0 (Linux 0.0.0) LOG: [36m'Running Assignment...'[39m

Chrome Headless 143.0.0.0 (Linux 0.0.0) LOG: 'Running Assignment...'
Chrome Headless 143.0.0.0 (Linux 0.0.0) LOG: [36m'Assignment took 1ms'[39m

Chrome Headless 143.0.0.0 (Linux 0.0.0) LOG: 'Assignment took 1ms'
Chrome Headless 143.0.0.0 (Linux 0.0.0) LOG: [36m'
--- Results ---'[39m

Chrome Headless 143.0.0.0 (Linux 0.0.0) LOG: '
--- Results ---'
Chrome Headless 143.0.0.0 (Linux 0.0.0) LOG: [36m'Online: Survivors (Exp >= 1.5): 0/10'[39m

Chrome Headless 143.0.0.0 (Linux 0.0.0) LOG: 'Online: Survivors (Exp >= 1.5): 0/10'
Chrome Headless 143.0.0.0 (Linux 0.0.0) LOG: [36m'Online: Avg Expected Reinforcement: 0.00'[39m

Chrome Headless 143.0.0.0 (Linux 0.0.0) LOG: 'Online: Avg Expected Reinforcement: 0.00'
Chrome Headless 143.0.0.0 (Linux 0.0.0) LOG: [36m'OfflineEmpty: Survivors: 0/10'[39m

Chrome Headless 143.0.0.0 (Linux 0.0.0) LOG: 'OfflineEmpty: Survivors: 0/10'
Chrome Headless 143.0.0.0 (Linux 0.0.0) LOG: [36m'OfflineEmpty: Avg Expected Reinforcement: 0.00'[39m

Chrome Headless 143.0.0.0 (Linux 0.0.0) LOG: 'OfflineEmpty: Avg Expected Reinforcement: 0.00'

[1A[2KChrome Headless 143.0.0.0 (Linux 0.0.0): Executed 0 of 59[32m SUCCESS[39m (0 secs / 0 secs)
[1A[2KLOG: [36m'Debug: isFull(T1)? Current: 0, Max: 10, Result: false'[39m
Chrome Headless 143.0.0.0 (Linux 0.0.0): Executed 0 of 59[32m SUCCESS[39m (0 secs / 0 secs)
LOG: 'Debug: isFull(T1)? Current: 0, Max: 10, Result: false'
[1A[2KLOG: [36m'Debug: isFull(T1)? Current: 0, Max: 10, Result: false'[39m
Chrome Headless 143.0.0.0 (Linux 0.0.0): Executed 0 of 59[32m SUCCESS[39m (0 secs / 0 secs)
LOG: 'Debug: isFull(T1)? Current: 0, Max: 10, Result: false'
[1A[2KLOG: [36m'Debug: isFull(T1)? Current: 1, Max: 10, Result: false'[39m
Chrome Headless 143.0.0.0 (Linux 0.0.0): Executed 0 of 59[32m SUCCESS[39m (0 secs / 0 secs)
LOG: 'Debug: isFull(T1)? Current: 1, Max: 10, Result: false'
[1A[2KLOG: [36m'Debug: isFull(T1)? Current: 0, Max: 3, Result: false'[39m
Chrome Headless 143.0.0.0 (Linux 0.0.0): Executed 0 of 59[32m SUCCESS[39m (0 secs / 0 secs)
LOG: 'Debug: isFull(T1)? Current: 0, Max: 3, Result: false'
[1A[2KLOG: [36m'Debug: isFull(T1)? Current: 0, Max: 3, Result: false'[39m
Chrome Headless 143.0.0.0 (Linux 0.0.0): Executed 0 of 59[32m SUCCESS[39m (0 secs / 0 secs)
LOG: 'Debug: isFull(T1)? Current: 0, Max: 3, Result: false'
[1A[2KLOG: [36m'Debug: isFull(T1)? Current: 1, Max: 3, Result: false'[39m
Chrome Headless 143.0.0.0 (Linux 0.0.0): Executed 0 of 59[32m SUCCESS[39m (0 secs / 0 secs)
LOG: 'Debug: isFull(T1)? Current: 1, Max: 3, Result: false'
[1A[2KLOG: [36m'Debug: isFull(T1)? Current: 1, Max: 3, Result: false'[39m
Chrome Headless 143.0.0.0 (Linux 0.0.0): Executed 0 of 59[32m SUCCESS[39m (0 secs / 0 secs)
LOG: 'Debug: isFull(T1)? Current: 1, Max: 3, Result: false'
[1A[2KLOG: [36m'Debug: isFull(T1)? Current: 2, Max: 3, Result: false'[39m
Chrome Headless 143.0.0.0 (Linux 0.0.0): Executed 0 of 59[32m SUCCESS[39m (0 secs / 0 secs)
LOG: 'Debug: isFull(T1)? Current: 2, Max: 3, Result: false'
[1A[2KLOG: [36m'Debug: isFull(T1)? Current: 2, Max: 3, Result: false'[39m
Chrome Headless 143.0.0.0 (Linux 0.0.0): Executed 0 of 59[32m SUCCESS[39m (0 secs / 0 secs)
LOG: 'Debug: isFull(T1)? Current: 2, Max: 3, Result: false'
[1A[2KLOG: [36m'Debug: isFull(T1)? Current: 3, Max: 3, Result: true'[39m
Chrome Headless 143.0.0.0 (Linux 0.0.0): Executed 0 of 59[32m SUCCESS[39m (0 secs / 0 secs)
LOG: 'Debug: isFull(T1)? Current: 3, Max: 3, Result: true'
[1A[2KLOG: [36m'Debug: isFull(T1)? Current: 3, Max: 3, Result: true'[39m
Chrome Headless 143.0.0.0 (Linux 0.0.0): Executed 0 of 59[32m SUCCESS[39m (0 secs / 0 secs)
LOG: 'Debug: isFull(T1)? Current: 3, Max: 3, Result: true'
[1A[2KLOG: [36m'Debug: isFull(T1)? Current: 3, Max: 3, Result: true'[39m
Chrome Headless 143.0.0.0 (Linux 0.0.0): Executed 0 of 59[32m SUCCESS[39m (0 secs / 0 secs)
LOG: 'Debug: isFull(T1)? Current: 3, Max: 3, Result: true'
[1A[2KLOG: [36m'Debug: isFull(T1)? Current: 3, Max: 3, Result: true'[39m
Chrome Headless 143.0.0.0 (Linux 0.0.0): Executed 0 of 59[32m SUCCESS[39m (0 secs / 0 secs)
LOG: 'Debug: isFull(T1)? Current: 3, Max: 3, Result: true'
[1A[2KLOG: [36m'Debug: isFull(T1)? Current: 3, Max: 3, Result: true'[39m
Chrome Headless 143.0.0.0 (Linux 0.0.0): Executed 0 of 59[32m SUCCESS[39m (0 secs / 0 secs)
LOG: 'Debug: isFull(T1)? Current: 3, Max: 3, Result: true'
[1A[2KLOG: [36m'Debug: isFull(T1)? Current: 3, Max: 3, Result: true'[39m
Chrome Headless 143.0.0.0 (Linux 0.0.0): Executed 0 of 59[32m SUCCESS[39m (0 secs / 0 secs)
LOG: 'Debug: isFull(T1)? Current: 3, Max: 3, Result: true'
[1A[2KLOG: [36m'Debug: isFull(T1)? Current: 3, Max: 3, Result: true'[39m
Chrome Headless 143.0.0.0 (Linux 0.0.0): Executed 0 of 59[32m SUCCESS[39m (0 secs / 0 secs)
LOG: 'Debug: isFull(T1)? Current: 3, Max: 3, Result: true'
[1A[2KLOG: [36m'Debug: isFull(T1)? Current: 3, Max: 3, Result: true'[39m
Chrome Headless 143.0.0.0 (Linux 0.0.0): Executed 0 of 59[32m SUCCESS[39m (0 secs / 0 secs)
LOG: 'Debug: isFull(T1)? Current: 3, Max: 3, Result: true'
[1A[2KLOG: [36m'Debug: isFull(T1)? Current: 3, Max: 3, Result: true'[39m
Chrome Headless 143.0.0.0 (Linux 0.0.0): Executed 0 of 59[32m SUCCESS[39m (0 secs / 0 secs)
LOG: 'Debug: isFull(T1)? Current: 3, Max: 3, Result: true'
[1A[2KLOG: [36m'Debug: isFull(T1)? Current: 3, Max: 3, Result: true'[39m
Chrome Headless 143.0.0.0 (Linux 0.0.0): Executed 0 of 59[32m SUCCESS[39m (0 secs / 0 secs)
LOG: 'Debug: isFull(T1)? Current: 3, Max: 3, Result: true'
[1A[2KLOG: [36m'Debug: isFull(T1)? Current: 3, Max: 3, Result: true'[39m
Chrome Headless 143.0.0.0 (Linux 0.0.0): Executed 0 of 59[32m SUCCESS[39m (0 secs / 0 secs)
LOG: 'Debug: isFull(T1)? Current: 3, Max: 3, Result: true'
[1A[2KLOG: [36m'Debug: isFull(T1)? Current: 3, Max: 3, Result: true'[39m
Chrome Headless 143.0.0.0 (Linux 0.0.0): Executed 0 of 59[32m SUCCESS[39m (0 secs / 0 secs)
LOG: 'Debug: isFull(T1)? Current: 3, Max: 3, Result: true'
[1A[2KLOG: [36m'Debug: isFull(T1)? Current: 3, Max: 3, Result: true'[39m
Chrome Headless 143.0.0.0 (Linux 0.0.0): Executed 0 of 59[32m SUCCESS[39m (0 secs / 0 secs)
LOG: 'Debug: isFull(T1)? Current: 3, Max: 3, Result: true'
[1A[2KLOG: [36m'Debug: isFull(T1)? Current: 3, Max: 3, Result: true'[39m
Chrome Headless 143.0.0.0 (Linux 0.0.0): Executed 0 of 59[32m SUCCESS[39m (0 secs / 0 secs)
LOG: 'Debug: isFull(T1)? Current: 3, Max: 3, Result: true'
[1A[2KLOG: [36m'Debug: isFull(T1)? Current: 3, Max: 3, Result: true'[39m
Chrome Headless 143.0.0.0 (Linux 0.0.0): Executed 0 of 59[32m SUCCESS[39m (0 secs / 0 secs)
LOG: 'Debug: isFull(T1)? Current: 3, Max: 3, Result: true'
[1A[2KLOG: [36m'Debug: isFull(T1)? Current: 3, Max: 3, Result: true'[39m
Chrome Headless 143.0.0.0 (Linux 0.0.0): Executed 0 of 59[32m SUCCESS[39m (0 secs / 0 secs)
LOG: 'Debug: isFull(T1)? Current: 3, Max: 3, Result: true'
[1A[2KLOG: [36m'Debug: isFull(T1)? Current: 3, Max: 3, Result: true'[39m
Chrome Headless 143.0.0.0 (Linux 0.0.0): Executed 0 of 59[32m SUCCESS[39m (0 secs / 0 secs)
LOG: 'Debug: isFull(T1)? Current: 3, Max: 3, Result: true'
[1A[2KLOG: [36m'Debug: isFull(T1)? Current: 0, Max: 2, Result: false'[39m
Chrome Headless 143.0.0.0 (Linux 0.0.0): Executed 0 of 59[32m SUCCESS[39m (0 secs / 0 secs)
LOG: 'Debug: isFull(T1)? Current: 0, Max: 2, Result: false'
[1A[2KLOG: [36m'Debug: isFull(T1)? Current: 0, Max: 2, Result: false'[39m
Chrome Headless 143.0.0.0 (Linux 0.0.0): Executed 0 of 59[32m SUCCESS[39m (0 secs / 0 secs)
LOG: 'Debug: isFull(T1)? Current: 0, Max: 2, Result: false'
[1A[2KLOG: [36m'Debug: isFull(T1)? Current: 1, Max: 2, Result: false'[39m
Chrome Headless 143.0.0.0 (Linux 0.0.0): Executed 0 of 59[32m SUCCESS[39m (0 secs / 0 secs)
LOG: 'Debug: isFull(T1)? Current: 1, Max: 2, Result: false'
[1A[2KLOG: [36m'Debug: isFull(T1)? Current: 1, Max: 2, Result: false'[39m
Chrome Headless 143.0.0.0 (Linux 0.0.0): Executed 0 of 59[32m SUCCESS[39m (0 secs / 0 secs)
LOG: 'Debug: isFull(T1)? Current: 1, Max: 2, Result: false'
[1A[2KLOG: [36m'Debug: isFull(T1)? Current: 2, Max: 2, Result: true'[39m
Chrome Headless 143.0.0.0 (Linux 0.0.0): Executed 0 of 59[32m SUCCESS[39m (0 secs / 0 secs)
LOG: 'Debug: isFull(T1)? Current: 2, Max: 2, Result: true'
[1A[2KLOG: [36m'Debug: isFull(T1)? Current: 2, Max: 2, Result: true'[39m
Chrome Headless 143.0.0.0 (Linux 0.0.0): Executed 0 of 59[32m SUCCESS[39m (0 secs / 0 secs)
LOG: 'Debug: isFull(T1)? Current: 2, Max: 2, Result: true'
[1A[2KLOG: [36m'Debug: isFull(T1)? Current: 2, Max: 2, Result: true'[39m
Chrome Headless 143.0.0.0 (Linux 0.0.0): Executed 0 of 59[32m SUCCESS[39m (0 secs / 0 secs)
LOG: 'Debug: isFull(T1)? Current: 2, Max: 2, Result: true'
[1A[2KLOG: [36m'Debug: isFull(T1)? Current: 2, Max: 2, Result: true'[39m
Chrome Headless 143.0.0.0 (Linux 0.0.0): Executed 0 of 59[32m SUCCESS[39m (0 secs / 0 secs)
LOG: 'Debug: isFull(T1)? Current: 2, Max: 2, Result: true'
[1A[2KLOG: [36m'Debug: isFull(T1)? Current: 2, Max: 2, Result: true'[39m
Chrome Headless 143.0.0.0 (Linux 0.0.0): Executed 0 of 59[32m SUCCESS[39m (0 secs / 0 secs)
LOG: 'Debug: isFull(T1)? Current: 2, Max: 2, Result: true'
[1A[2KLOG: [36m'Debug: isFull(T1)? Current: 2, Max: 2, Result: true'[39m
Chrome Headless 143.0.0.0 (Linux 0.0.0): Executed 0 of 59[32m SUCCESS[39m (0 secs / 0 secs)
LOG: 'Debug: isFull(T1)? Current: 2, Max: 2, Result: true'
[1A[2KLOG: [36m'Debug: isFull(T1)? Current: 2, Max: 2, Result: true'[39m
Chrome Headless 143.0.0.0 (Linux 0.0.0): Executed 0 of 59[32m SUCCESS[39m (0 secs / 0 secs)
LOG: 'Debug: isFull(T1)? Current: 2, Max: 2, Result: true'
[1A[2KLOG: [36m'Debug: isFull(T1)? Current: 2, Max: 2, Result: true'[39m
Chrome Headless 143.0.0.0 (Linux 0.0.0): Executed 0 of 59[32m SUCCESS[39m (0 secs / 0 secs)
LOG: 'Debug: isFull(T1)? Current: 2, Max: 2, Result: true'
[1A[2KLOG: [36m'Debug: isFull(T1)? Current: 2, Max: 2, Result: true'[39m
Chrome Headless 143.0.0.0 (Linux 0.0.0): Executed 0 of 59[32m SUCCESS[39m (0 secs / 0 secs)
LOG: 'Debug: isFull(T1)? Current: 2, Max: 2, Result: true'
[1A[2KLOG: [36m'Debug: isFull(T1)? Current: 2, Max: 2, Result: true'[39m
Chrome Headless 143.0.0.0 (Linux 0.0.0): Executed 0 of 59[32m SUCCESS[39m (0 secs / 0 secs)
LOG: 'Debug: isFull(T1)? Current: 2, Max: 2, Result: true'
[1A[2KWARN: [36m'Spec 'SmartAssignmentAlgorithm Phase 1: Limits should respect existing maxReinforcementMarches' has no expectations.'[39m
Chrome Headless 143.0.0.0 (Linux 0.0.0): Executed 0 of 59[32m SUCCESS[39m (0 secs / 0 secs)
WARN: 'Spec 'SmartAssignmentAlgorithm Phase 1: Limits should respect existing maxReinforcementMarches' has no expectations.'
[1A[2KWARN: [36m'Spec 'SmartAssignmentAlgorithm Phase 2: Farms should not assign Main to Farm if Main has no marches' has no expectations.'[39m
Chrome Headless 143.0.0.0 (Linux 0.0.0): Executed 0 of 59[32m SUCCESS[39m (0 secs / 0 secs)
WARN: 'Spec 'SmartAssignmentAlgorithm Phase 2: Farms should not assign Main to Farm if Main has no marches' has no expectations.'
[1A[2KLOG: [36m'Debug: isFull(T1)? Current: 0, Max: 10, Result: false'[39m
Chrome Headless 143.0.0.0 (Linux 0.0.0): Executed 0 of 59[32m SUCCESS[39m (0 secs / 0 secs)
LOG: 'Debug: isFull(T1)? Current: 0, Max: 10, Result: false'
[1A[2KLOG: [36m'Debug: isFull(T1)? Current: 0, Max: 10, Result: false'[39m
Chrome Headless 143.0.0.0 (Linux 0.0.0): Executed 0 of 59[32m SUCCESS[39m (0 secs / 0 secs)
LOG: 'Debug: isFull(T1)? Current: 0, Max: 10, Result: false'
[1A[2KLOG: [36m'Debug: isFull(T1)? Current: 0, Max: 10, Result: false'[39m
Chrome Headless 143.0.0.0 (Linux 0.0.0): Executed 0 of 59[32m SUCCESS[39m (0 secs / 0 secs)
LOG: 'Debug: isFull(T1)? Current: 0, Max: 10, Result: false'
[1A[2KLOG: [36m'Debug: isFull(T1)? Current: 0, Max: 10, Result: false'[39m
Chrome Headless 143.0.0.0 (Linux 0.0.0): Executed 0 of 59[32m SUCCESS[39m (0 secs / 0 secs)
LOG: 'Debug: isFull(T1)? Current: 0, Max: 10, Result: false'
[1A[2KLOG: [36m'Debug: isFull(T1)? Current: 1, Max: 10, Result: false'[39m
Chrome Headless 143.0.0.0 (Linux 0.0.0): Executed 0 of 59[32m SUCCESS[39m (0 secs / 0 secs)
LOG: 'Debug: isFull(T1)? Current: 1, Max: 10, Result: false'
[1A[2KLOG: [36m'Debug: isFull(T1)? Current: 0, Max: 10, Result: false'[39m
Chrome Headless 143.0.0.0 (Linux 0.0.0): Executed 0 of 59[32m SUCCESS[39m (0 secs / 0 secs)
LOG: 'Debug: isFull(T1)? Current: 0, Max: 10, Result: false'
[1A[2KLOG: [36m'Debug: isFull(T1)? Current: 0, Max: 10, Result: false'[39m
Chrome Headless 143.0.0.0 (Linux 0.0.0): Executed 0 of 59[32m SUCCESS[39m (0 secs / 0 secs)
LOG: 'Debug: isFull(T1)? Current: 0, Max: 10, Result: false'
[1A[2KLOG: [36m'Debug: isFull(T1)? Current: 0, Max: 10, Result: false'[39m
Chrome Headless 143.0.0.0 (Linux 0.0.0): Executed 0 of 59[32m SUCCESS[39m (0 secs / 0 secs)
LOG: 'Debug: isFull(T1)? Current: 0, Max: 10, Result: false'
[1A[2KLOG: [36m'Debug: isFull(T1)? Current: 1, Max: 10, Result: false'[39m
Chrome Headless 143.0.0.0 (Linux 0.0.0): Executed 0 of 59[32m SUCCESS[39m (0 secs / 0 secs)
LOG: 'Debug: isFull(T1)? Current: 1, Max: 10, Result: false'
[1A[2KLOG: [36m'Debug: isFull(T1)? Current: 1, Max: 10, Result: false'[39m
Chrome Headless 143.0.0.0 (Linux 0.0.0): Executed 0 of 59[32m SUCCESS[39m (0 secs / 0 secs)
LOG: 'Debug: isFull(T1)? Current: 1, Max: 10, Result: false'
[1A[2KLOG: [36m'Debug: isFull(T1)? Current: 2, Max: 10, Result: false'[39m
Chrome Headless 143.0.0.0 (Linux 0.0.0): Executed 0 of 59[32m SUCCESS[39m (0 secs / 0 secs)
LOG: 'Debug: isFull(T1)? Current: 2, Max: 10, Result: false'
[1A[2KLOG: [36m'Debug: isFull(T1)? Current: 0, Max: 3, Result: false'[39m
Chrome Headless 143.0.0.0 (Linux 0.0.0): Executed 0 of 59[32m SUCCESS[39m (0 secs / 0 secs)
LOG: 'Debug: isFull(T1)? Current: 0, Max: 3, Result: false'
[1A[2KLOG: [36m'Debug: isFull(T1)? Current: 0, Max: 3, Result: false'[39m
Chrome Headless 143.0.0.0 (Linux 0.0.0): Executed 0 of 59[32m SUCCESS[39m (0 secs / 0 secs)
LOG: 'Debug: isFull(T1)? Current: 0, Max: 3, Result: false'
[1A[2KLOG: [36m'Debug: isFull(T1)? Current: 0, Max: 3, Result: false'[39m
Chrome Headless 143.0.0.0 (Linux 0.0.0): Executed 0 of 59[32m SUCCESS[39m (0 secs / 0 secs)
LOG: 'Debug: isFull(T1)? Current: 0, Max: 3, Result: false'
[1A[2KLOG: [36m'Debug: isFull(T1)? Current: 0, Max: 3, Result: false'[39m
Chrome Headless 143.0.0.0 (Linux 0.0.0): Executed 0 of 59[32m SUCCESS[39m (0 secs / 0 secs)
LOG: 'Debug: isFull(T1)? Current: 0, Max: 3, Result: false'
[1A[2KLOG: [36m'Debug: isFull(T1)? Current: 1, Max: 3, Result: false'[39m
Chrome Headless 143.0.0.0 (Linux 0.0.0): Executed 0 of 59[32m SUCCESS[39m (0 secs / 0 secs)
LOG: 'Debug: isFull(T1)? Current: 1, Max: 3, Result: false'
[1A[2KLOG: [36m'Debug: isFull(T1)? Current: 0, Max: 10, Result: false'[39m
Chrome Headless 143.0.0.0 (Linux 0.0.0): Executed 0 of 59[32m SUCCESS[39m (0 secs / 0 secs)
LOG: 'Debug: isFull(T1)? Current: 0, Max: 10, Result: false'
[1A[2KLOG: [36m'Debug: isFull(T1)? Current: 0, Max: 10, Result: false'[39m
Chrome Headless 143.0.0.0 (Linux 0.0.0): Executed 0 of 59[32m SUCCESS[39m (0 secs / 0 secs)
LOG: 'Debug: isFull(T1)? Current: 0, Max: 10, Result: false'
[1A[2KLOG: [36m'Debug: isFull(T1)? Current: 0, Max: 10, Result: false'[39m
Chrome Headless 143.0.0.0 (Linux 0.0.0): Executed 0 of 59[32m SUCCESS[39m (0 secs / 0 secs)
LOG: 'Debug: isFull(T1)? Current: 0, Max: 10, Result: false'
[1A[2KLOG: [36m'Debug: isFull(T1)? Current: 0, Max: 10, Result: false'[39m
Chrome Headless 143.0.0.0 (Linux 0.0.0): Executed 0 of 59[32m SUCCESS[39m (0 secs / 0 secs)
LOG: 'Debug: isFull(T1)? Current: 0, Max: 10, Result: false'
[1A[2KLOG: [36m'Debug: isFull(T1)? Current: 0, Max: 10, Result: false'[39m
Chrome Headless 143.0.0.0 (Linux 0.0.0): Executed 0 of 59[32m SUCCESS[39m (0 secs / 0 secs)
LOG: 'Debug: isFull(T1)? Current: 0, Max: 10, Result: false'
[1A[2KLOG: [36m'Debug: isFull(T1)? Current: 0, Max: 10, Result: false'[39m
Chrome Headless 143.0.0.0 (Linux 0.0.0): Executed 0 of 59[32m SUCCESS[39m (0 secs / 0 secs)
LOG: 'Debug: isFull(T1)? Current: 0, Max: 10, Result: false'
[1A[2KLOG: [36m'Debug: isFull(T1)? Current: 1, Max: 10, Result: false'[39m
Chrome Headless 143.0.0.0 (Linux 0.0.0): Executed 0 of 59[32m SUCCESS[39m (0 secs / 0 secs)
LOG: 'Debug: isFull(T1)? Current: 1, Max: 10, Result: false'
[1A[2KChrome Headless 143.0.0.0 (Linux 0.0.0): Executed 1 of 59[32m SUCCESS[39m (0 secs / 0.055 secs)
[1A[2K[31mChrome Headless 143.0.0.0 (Linux 0.0.0) App should render title FAILED[39m
	TypeError: ctx.userData.showAdminInMenu is not a function
	    at App2_Template (ng:///App2.js:136:44)
	    at executeTemplate (node_modules/@angular/core/fesm2022/debug_node.mjs:9040:9)
	    at refreshView (node_modules/@angular/core/fesm2022/debug_node.mjs:10076:13)
	    at detectChangesInView (node_modules/@angular/core/fesm2022/debug_node.mjs:10296:9)
	    at detectChangesInViewIfAttached (node_modules/@angular/core/fesm2022/debug_node.mjs:10256:5)
	    at detectChangesInComponent (node_modules/@angular/core/fesm2022/debug_node.mjs:10244:5)
	    at detectChangesInChildComponents (node_modules/@angular/core/fesm2022/debug_node.mjs:10322:9)
	    at refreshView (node_modules/@angular/core/fesm2022/debug_node.mjs:10131:13)
	    at detectChangesInView (node_modules/@angular/core/fesm2022/debug_node.mjs:10296:9)
	    at detectChangesInViewWhileDirty (node_modules/@angular/core/fesm2022/debug_node.mjs:9985:9)
Chrome Headless 143.0.0.0 (Linux 0.0.0): Executed 2 of 59[31m (1 FAILED)[39m (0 secs / 0.194 secs)
[1A[2KChrome Headless 143.0.0.0 (Linux 0.0.0): Executed 3 of 59[31m (1 FAILED)[39m (0 secs / 0.197 secs)
[1A[2KChrome Headless 143.0.0.0 (Linux 0.0.0): Executed 4 of 59[31m (1 FAILED)[39m (0 secs / 0.197 secs)
[1A[2KChrome Headless 143.0.0.0 (Linux 0.0.0): Executed 5 of 59[31m (1 FAILED)[39m (0 secs / 0.197 secs)
[1A[2KChrome Headless 143.0.0.0 (Linux 0.0.0): Executed 6 of 59[31m (1 FAILED)[39m (0 secs / 0.197 secs)
[1A[2KChrome Headless 143.0.0.0 (Linux 0.0.0): Executed 7 of 59[31m (1 FAILED)[39m (0 secs / 0.222 secs)
[1A[2KChrome Headless 143.0.0.0 (Linux 0.0.0): Executed 8 of 59[31m (1 FAILED)[39m (0 secs / 0.223 secs)
[1A[2KChrome Headless 143.0.0.0 (Linux 0.0.0): Executed 9 of 59[31m (1 FAILED)[39m (0 secs / 0.231 secs)
[1A[2KChrome Headless 143.0.0.0 (Linux 0.0.0): Executed 10 of 59[31m (1 FAILED)[39m (0 secs / 0.232 secs)
[1A[2KChrome Headless 143.0.0.0 (Linux 0.0.0): Executed 11 of 59[31m (1 FAILED)[39m (0 secs / 0.232 secs)
[1A[2KChrome Headless 143.0.0.0 (Linux 0.0.0): Executed 12 of 59[31m (1 FAILED)[39m (0 secs / 0.232 secs)
[1A[2KChrome Headless 143.0.0.0 (Linux 0.0.0): Executed 13 of 59[31m (1 FAILED)[39m (0 secs / 0.233 secs)
[1A[2KChrome Headless 143.0.0.0 (Linux 0.0.0): Executed 14 of 59[31m (1 FAILED)[39m (0 secs / 0.233 secs)
[1A[2KChrome Headless 143.0.0.0 (Linux 0.0.0): Executed 15 of 59[31m (1 FAILED)[39m (0 secs / 0.233 secs)
[1A[2KChrome Headless 143.0.0.0 (Linux 0.0.0): Executed 16 of 59[31m (1 FAILED)[39m (0 secs / 0.233 secs)
[1A[2KChrome Headless 143.0.0.0 (Linux 0.0.0): Executed 17 of 59[31m (1 FAILED)[39m (0 secs / 0.234 secs)
[1A[2KChrome Headless 143.0.0.0 (Linux 0.0.0): Executed 18 of 59[31m (1 FAILED)[39m (0 secs / 0.234 secs)
[1A[2KChrome Headless 143.0.0.0 (Linux 0.0.0): Executed 19 of 59[31m (1 FAILED)[39m (0 secs / 0.234 secs)
[1A[2KChrome Headless 143.0.0.0 (Linux 0.0.0): Executed 20 of 59[31m (1 FAILED)[39m (0 secs / 0.234 secs)
[1A[2KChrome Headless 143.0.0.0 (Linux 0.0.0): Executed 21 of 59[31m (1 FAILED)[39m (0 secs / 0.235 secs)
[1A[2KChrome Headless 143.0.0.0 (Linux 0.0.0): Executed 22 of 59[31m (1 FAILED)[39m (0 secs / 0.235 secs)
[1A[2KChrome Headless 143.0.0.0 (Linux 0.0.0): Executed 23 of 59[31m (1 FAILED)[39m (0 secs / 0.235 secs)
[1A[2KChrome Headless 143.0.0.0 (Linux 0.0.0): Executed 24 of 59[31m (1 FAILED)[39m (0 secs / 0.235 secs)
[1A[2KChrome Headless 143.0.0.0 (Linux 0.0.0): Executed 25 of 59[31m (1 FAILED)[39m (0 secs / 0.235 secs)
[1A[2KChrome Headless 143.0.0.0 (Linux 0.0.0): Executed 26 of 59[31m (1 FAILED)[39m (0 secs / 0.236 secs)
[1A[2KChrome Headless 143.0.0.0 (Linux 0.0.0): Executed 27 of 59[31m (1 FAILED)[39m (0 secs / 0.237 secs)
[1A[2KChrome Headless 143.0.0.0 (Linux 0.0.0): Executed 28 of 59[31m (1 FAILED)[39m (0 secs / 0.237 secs)
[1A[2KChrome Headless 143.0.0.0 (Linux 0.0.0): Executed 29 of 59[31m (1 FAILED)[39m (0 secs / 0.237 secs)
[1A[2KChrome Headless 143.0.0.0 (Linux 0.0.0): Executed 30 of 59[31m (1 FAILED)[39m (0 secs / 0.237 secs)
[1A[2KChrome Headless 143.0.0.0 (Linux 0.0.0): Executed 31 of 59[31m (1 FAILED)[39m (0 secs / 0.238 secs)
[1A[2KChrome Headless 143.0.0.0 (Linux 0.0.0): Executed 32 of 59[31m (1 FAILED)[39m (0 secs / 0.238 secs)
[1A[2KChrome Headless 143.0.0.0 (Linux 0.0.0): Executed 33 of 59[31m (1 FAILED)[39m (0 secs / 0.239 secs)
[1A[2KChrome Headless 143.0.0.0 (Linux 0.0.0): Executed 34 of 59[31m (1 FAILED)[39m (0 secs / 0.239 secs)
[1A[2KChrome Headless 143.0.0.0 (Linux 0.0.0): Executed 35 of 59[31m (1 FAILED)[39m (0 secs / 0.239 secs)
[1A[2KChrome Headless 143.0.0.0 (Linux 0.0.0): Executed 36 of 59[31m (1 FAILED)[39m (0 secs / 0.239 secs)
[1A[2KChrome Headless 143.0.0.0 (Linux 0.0.0): Executed 37 of 59[31m (1 FAILED)[39m (0 secs / 0.24 secs)
[1A[2KChrome Headless 143.0.0.0 (Linux 0.0.0): Executed 38 of 59[31m (1 FAILED)[39m (0 secs / 0.24 secs)
[1A[2KChrome Headless 143.0.0.0 (Linux 0.0.0): Executed 39 of 59[31m (1 FAILED)[39m (0 secs / 0.24 secs)
[1A[2KChrome Headless 143.0.0.0 (Linux 0.0.0): Executed 40 of 59[31m (1 FAILED)[39m (0 secs / 0.24 secs)
[1A[2KChrome Headless 143.0.0.0 (Linux 0.0.0): Executed 41 of 59[31m (1 FAILED)[39m (0 secs / 0.241 secs)
[1A[2KChrome Headless 143.0.0.0 (Linux 0.0.0): Executed 42 of 59[31m (1 FAILED)[39m (0 secs / 0.241 secs)
[1A[2KChrome Headless 143.0.0.0 (Linux 0.0.0): Executed 43 of 59[31m (1 FAILED)[39m (0 secs / 0.242 secs)
[1A[2KChrome Headless 143.0.0.0 (Linux 0.0.0): Executed 44 of 59[31m (1 FAILED)[39m (0 secs / 0.243 secs)
[1A[2KChrome Headless 143.0.0.0 (Linux 0.0.0): Executed 45 of 59[31m (1 FAILED)[39m (0 secs / 0.244 secs)
[1A[2KChrome Headless 143.0.0.0 (Linux 0.0.0): Executed 46 of 59[31m (1 FAILED)[39m (0 secs / 0.244 secs)
[1A[2KChrome Headless 143.0.0.0 (Linux 0.0.0): Executed 47 of 59[31m (1 FAILED)[39m (0 secs / 0.244 secs)
[1A[2KChrome Headless 143.0.0.0 (Linux 0.0.0): Executed 48 of 59[31m (1 FAILED)[39m (0 secs / 0.244 secs)
[1A[2KChrome Headless 143.0.0.0 (Linux 0.0.0): Executed 49 of 59[31m (1 FAILED)[39m (0 secs / 0.244 secs)
[1A[2KChrome Headless 143.0.0.0 (Linux 0.0.0): Executed 50 of 59[31m (1 FAILED)[39m (0 secs / 0.245 secs)
[1A[2KChrome Headless 143.0.0.0 (Linux 0.0.0): Executed 51 of 59[31m (1 FAILED)[39m (0 secs / 0.245 secs)
[1A[2KChrome Headless 143.0.0.0 (Linux 0.0.0): Executed 52 of 59[31m (1 FAILED)[39m (0 secs / 0.245 secs)
[1A[2KChrome Headless 143.0.0.0 (Linux 0.0.0): Executed 53 of 59[31m (1 FAILED)[39m (0 secs / 0.245 secs)
[1A[2KChrome Headless 143.0.0.0 (Linux 0.0.0): Executed 54 of 59[31m (1 FAILED)[39m (0 secs / 0.245 secs)
[1A[2KChrome Headless 143.0.0.0 (Linux 0.0.0): Executed 55 of 59[31m (1 FAILED)[39m (0 secs / 0.245 secs)
[1A[2KChrome Headless 143.0.0.0 (Linux 0.0.0): Executed 56 of 59[31m (1 FAILED)[39m (0 secs / 0.245 secs)
[1A[2KChrome Headless 143.0.0.0 (Linux 0.0.0): Executed 57 of 59[31m (1 FAILED)[39m (0 secs / 0.245 secs)
[1A[2KChrome Headless 143.0.0.0 (Linux 0.0.0): Executed 58 of 59[31m (1 FAILED)[39m (0 secs / 0.255 secs)
[1A[2KChrome Headless 143.0.0.0 (Linux 0.0.0): Executed 59 of 59[31m (1 FAILED)[39m (0 secs / 0.256 secs)
[1A[2KChrome Headless 143.0.0.0 (Linux 0.0.0): Executed 59 of 59[31m (1 FAILED)[39m (0.287 secs / 0.256 secs)
[31mTOTAL: 1 FAILED, 58 SUCCESS[39m
